{"C:\\dev\\cls\\index.js":{"path":"C:\\dev\\cls\\index.js","s":{"1":1},"b":{},"f":{},"fnMap":{},"statementMap":{"1":{"start":{"line":1,"column":0},"end":{"line":1,"column":41}}},"branchMap":{}},"C:\\dev\\cls\\lib\\cls.js":{"path":"C:\\dev\\cls\\lib\\cls.js","s":{"1":1,"2":1,"3":6,"4":6,"5":4,"6":6,"7":6,"8":2,"9":1,"10":6,"11":4,"12":2,"13":4,"14":2,"15":4,"16":2,"17":1,"18":6,"19":1},"b":{"1":[6,1],"2":[4,2],"3":[2,4],"4":[1,1],"5":[4,2],"6":[2,2],"7":[2,2],"8":[2,2],"9":[1,1]},"f":{"1":6},"fnMap":{"1":{"name":"cls","line":46,"loc":{"start":{"line":46,"column":0},"end":{"line":46,"column":15}}}},"statementMap":{"1":{"start":{"line":16,"column":0},"end":{"line":38,"column":2}},"2":{"start":{"line":46,"column":0},"end":{"line":70,"column":1}},"3":{"start":{"line":47,"column":1},"end":{"line":47,"column":13}},"4":{"start":{"line":49,"column":1},"end":{"line":49,"column":19}},"5":{"start":{"line":49,"column":10},"end":{"line":49,"column":19}},"6":{"start":{"line":51,"column":1},"end":{"line":51,"column":15}},"7":{"start":{"line":53,"column":1},"end":{"line":55,"column":43}},"8":{"start":{"line":54,"column":2},"end":{"line":55,"column":43}},"9":{"start":{"line":55,"column":3},"end":{"line":55,"column":43}},"10":{"start":{"line":57,"column":1},"end":{"line":67,"column":2}},"11":{"start":{"line":59,"column":2},"end":{"line":62,"column":51}},"12":{"start":{"line":60,"column":3},"end":{"line":62,"column":51}},"13":{"start":{"line":61,"column":4},"end":{"line":62,"column":51}},"14":{"start":{"line":62,"column":5},"end":{"line":62,"column":51}},"15":{"start":{"line":64,"column":2},"end":{"line":66,"column":44}},"16":{"start":{"line":65,"column":3},"end":{"line":66,"column":44}},"17":{"start":{"line":66,"column":4},"end":{"line":66,"column":44}},"18":{"start":{"line":69,"column":1},"end":{"line":69,"column":12}},"19":{"start":{"line":73,"column":0},"end":{"line":73,"column":21}}},"branchMap":{"1":{"line":47,"type":"binary-expr","locations":[{"start":{"line":47,"column":5},"end":{"line":47,"column":6}},{"start":{"line":47,"column":10},"end":{"line":47,"column":12}}]},"2":{"line":49,"type":"if","locations":[{"start":{"line":49,"column":1},"end":{"line":49,"column":1}},{"start":{"line":49,"column":1},"end":{"line":49,"column":1}}]},"3":{"line":53,"type":"if","locations":[{"start":{"line":53,"column":1},"end":{"line":53,"column":1}},{"start":{"line":53,"column":1},"end":{"line":53,"column":1}}]},"4":{"line":54,"type":"if","locations":[{"start":{"line":54,"column":2},"end":{"line":54,"column":2}},{"start":{"line":54,"column":2},"end":{"line":54,"column":2}}]},"5":{"line":57,"type":"if","locations":[{"start":{"line":57,"column":1},"end":{"line":57,"column":1}},{"start":{"line":57,"column":1},"end":{"line":57,"column":1}}]},"6":{"line":59,"type":"if","locations":[{"start":{"line":59,"column":2},"end":{"line":59,"column":2}},{"start":{"line":59,"column":2},"end":{"line":59,"column":2}}]},"7":{"line":61,"type":"if","locations":[{"start":{"line":61,"column":4},"end":{"line":61,"column":4}},{"start":{"line":61,"column":4},"end":{"line":61,"column":4}}]},"8":{"line":64,"type":"if","locations":[{"start":{"line":64,"column":2},"end":{"line":64,"column":2}},{"start":{"line":64,"column":2},"end":{"line":64,"column":2}}]},"9":{"line":65,"type":"if","locations":[{"start":{"line":65,"column":3},"end":{"line":65,"column":3}},{"start":{"line":65,"column":3},"end":{"line":65,"column":3}}]}}}}