{"C:\\dev\\cls\\index.js":{"path":"C:\\dev\\cls\\index.js","s":{"1":1},"b":{},"f":{},"fnMap":{},"statementMap":{"1":{"start":{"line":1,"column":0},"end":{"line":1,"column":41}}},"branchMap":{}},"C:\\dev\\cls\\lib\\cls.js":{"path":"C:\\dev\\cls\\lib\\cls.js","s":{"1":1,"2":1,"3":9,"4":9,"5":1,"6":9,"7":8,"8":9,"9":9,"10":1,"11":9,"12":1,"13":9,"14":5,"15":2,"16":4,"17":2,"18":3,"19":2,"20":1,"21":9,"22":1},"b":{"1":[1,8],"2":[9,1],"3":[8,1],"4":[1,8],"5":[1,8],"6":[5,4],"7":[2,3],"8":[2,2],"9":[2,1],"10":[1,1]},"f":{"1":9,"2":4},"fnMap":{"1":{"name":"cls","line":38,"loc":{"start":{"line":38,"column":0},"end":{"line":38,"column":21}}},"2":{"name":"(anonymous_2)","line":55,"loc":{"start":{"line":55,"column":13},"end":{"line":55,"column":29}}}},"statementMap":{"1":{"start":{"line":6,"column":0},"end":{"line":28,"column":2}},"2":{"start":{"line":38,"column":0},"end":{"line":65,"column":1}},"3":{"start":{"line":40,"column":1},"end":{"line":40,"column":14}},"4":{"start":{"line":42,"column":1},"end":{"line":42,"column":26}},"5":{"start":{"line":42,"column":19},"end":{"line":42,"column":26}},"6":{"start":{"line":43,"column":1},"end":{"line":43,"column":34}},"7":{"start":{"line":43,"column":27},"end":{"line":43,"column":34}},"8":{"start":{"line":45,"column":1},"end":{"line":45,"column":9}},"9":{"start":{"line":47,"column":1},"end":{"line":48,"column":28}},"10":{"start":{"line":48,"column":2},"end":{"line":48,"column":28}},"11":{"start":{"line":50,"column":1},"end":{"line":51,"column":38}},"12":{"start":{"line":51,"column":2},"end":{"line":51,"column":38}},"13":{"start":{"line":53,"column":1},"end":{"line":62,"column":2}},"14":{"start":{"line":54,"column":2},"end":{"line":61,"column":40}},"15":{"start":{"line":55,"column":3},"end":{"line":57,"column":6}},"16":{"start":{"line":56,"column":4},"end":{"line":57,"column":3}},"17":{"start":{"line":56,"column":20},"end":{"line":57,"column":3}},"18":{"start":{"line":59,"column":7},"end":{"line":61,"column":40}},"19":{"start":{"line":60,"column":3},"end":{"line":61,"column":40}},"20":{"start":{"line":61,"column":4},"end":{"line":61,"column":40}},"21":{"start":{"line":64,"column":1},"end":{"line":64,"column":12}},"22":{"start":{"line":67,"column":0},"end":{"line":67,"column":21}}},"branchMap":{"1":{"line":42,"type":"if","locations":[{"start":{"line":42,"column":1},"end":{"line":42,"column":1}},{"start":{"line":42,"column":1},"end":{"line":42,"column":1}}]},"2":{"line":42,"type":"binary-expr","locations":[{"start":{"line":42,"column":4},"end":{"line":42,"column":6}},{"start":{"line":42,"column":10},"end":{"line":42,"column":17}}]},"3":{"line":43,"type":"if","locations":[{"start":{"line":43,"column":1},"end":{"line":43,"column":1}},{"start":{"line":43,"column":1},"end":{"line":43,"column":1}}]},"4":{"line":47,"type":"if","locations":[{"start":{"line":47,"column":1},"end":{"line":47,"column":1}},{"start":{"line":47,"column":1},"end":{"line":47,"column":1}}]},"5":{"line":50,"type":"if","locations":[{"start":{"line":50,"column":1},"end":{"line":50,"column":1}},{"start":{"line":50,"column":1},"end":{"line":50,"column":1}}]},"6":{"line":53,"type":"if","locations":[{"start":{"line":53,"column":1},"end":{"line":53,"column":1}},{"start":{"line":53,"column":1},"end":{"line":53,"column":1}}]},"7":{"line":54,"type":"if","locations":[{"start":{"line":54,"column":2},"end":{"line":54,"column":2}},{"start":{"line":54,"column":2},"end":{"line":54,"column":2}}]},"8":{"line":56,"type":"if","locations":[{"start":{"line":56,"column":4},"end":{"line":56,"column":4}},{"start":{"line":56,"column":4},"end":{"line":56,"column":4}}]},"9":{"line":59,"type":"if","locations":[{"start":{"line":59,"column":7},"end":{"line":59,"column":7}},{"start":{"line":59,"column":7},"end":{"line":59,"column":7}}]},"10":{"line":60,"type":"if","locations":[{"start":{"line":60,"column":3},"end":{"line":60,"column":3}},{"start":{"line":60,"column":3},"end":{"line":60,"column":3}}]}}}}