TN:
SF:C:\dev\cls\index.js
FNF:0
FNH:0
DA:1,1
LF:1
LH:1
BRF:0
BRH:0
end_of_record
TN:
SF:C:\dev\cls\lib\cls.js
FN:38,cls
FN:55,(anonymous_2)
FNF:2
FNH:2
FNDA:9,cls
FNDA:4,(anonymous_2)
DA:6,1
DA:38,1
DA:40,9
DA:42,9
DA:43,9
DA:45,9
DA:47,9
DA:48,1
DA:50,9
DA:51,1
DA:53,9
DA:54,5
DA:55,2
DA:56,4
DA:59,3
DA:60,2
DA:61,1
DA:64,9
DA:67,1
LF:19
LH:19
BRDA:42,1,0,1
BRDA:42,1,1,8
BRDA:42,2,0,9
BRDA:42,2,1,1
BRDA:43,3,0,8
BRDA:43,3,1,1
BRDA:47,4,0,1
BRDA:47,4,1,8
BRDA:50,5,0,1
BRDA:50,5,1,8
BRDA:53,6,0,5
BRDA:53,6,1,4
BRDA:54,7,0,2
BRDA:54,7,1,3
BRDA:56,8,0,2
BRDA:56,8,1,2
BRDA:59,9,0,2
BRDA:59,9,1,1
BRDA:60,10,0,1
BRDA:60,10,1,1
BRF:20
BRH:20
end_of_record
