TN:
SF:C:\dev\cls\index.js
FNF:0
FNH:0
DA:1,1
LF:1
LH:1
BRF:0
BRH:0
end_of_record
TN:
SF:C:\dev\cls\lib\cls.js
FN:46,cls
FNF:1
FNH:1
FNDA:6,cls
DA:16,1
DA:46,1
DA:47,6
DA:49,6
DA:51,6
DA:53,6
DA:54,2
DA:55,1
DA:57,6
DA:59,4
DA:60,2
DA:61,4
DA:62,2
DA:64,4
DA:65,2
DA:66,1
DA:69,6
DA:73,1
LF:18
LH:18
BRDA:47,1,0,6
BRDA:47,1,1,1
BRDA:49,2,0,4
BRDA:49,2,1,2
BRDA:53,3,0,2
BRDA:53,3,1,4
BRDA:54,4,0,1
BRDA:54,4,1,1
BRDA:57,5,0,4
BRDA:57,5,1,2
BRDA:59,6,0,2
BRDA:59,6,1,2
BRDA:61,7,0,2
BRDA:61,7,1,2
BRDA:64,8,0,2
BRDA:64,8,1,2
BRDA:65,9,0,1
BRDA:65,9,1,1
BRF:18
BRH:18
end_of_record
